- Generating browser application bundles (phase: setup)...
Ã”Å¥Ã¶ Browser application bundle generation complete.
[32m27 01 2026 13:01:24.841:INFO [karma-server]: [39mKarma v6.4.4 server started at http://localhost:9876/
[32m27 01 2026 13:01:24.842:INFO [launcher]: [39mLaunching browsers ChromeHeadless with concurrency unlimited
[32m27 01 2026 13:01:24.848:INFO [launcher]: [39mStarting browser ChromeHeadless
[32m27 01 2026 13:01:25.900:INFO [Chrome Headless 143.0.0.0 (Windows 10)]: [39mConnected on socket nQJmmy4Z_stgEFsbAAAB with id 76613906
Chrome Headless 143.0.0.0 (Windows 10): Executed 0 of 16[32m SUCCESS[39m (0 secs / 0 secs)
[1A[2KChrome Headless 143.0.0.0 (Windows 10): Executed 1 of 16[32m SUCCESS[39m (0 secs / 0.089 secs)
[1A[2KChrome Headless 143.0.0.0 (Windows 10): Executed 2 of 16[32m SUCCESS[39m (0 secs / 0.1 secs)
[1A[2KChrome Headless 143.0.0.0 (Windows 10): Executed 3 of 16[32m SUCCESS[39m (0 secs / 0.109 secs)
[1A[2KChrome Headless 143.0.0.0 (Windows 10): Executed 4 of 16[32m SUCCESS[39m (0 secs / 0.175 secs)
[1A[2KChrome Headless 143.0.0.0 (Windows 10): Executed 5 of 16[32m SUCCESS[39m (0 secs / 0.192 secs)
[1A[2KChrome Headless 143.0.0.0 (Windows 10): Executed 6 of 16[32m SUCCESS[39m (0 secs / 0.208 secs)
[1A[2KChrome Headless 143.0.0.0 (Windows 10): Executed 7 of 16[32m SUCCESS[39m (0 secs / 0.221 secs)
[1A[2K[31mChrome Headless 143.0.0.0 (Windows 10) HandwritingPreviewDialogComponent should call noteService.createNote on save FAILED[39m
	Expected spy MatSnackBar.open to have been called with:
	  [ 'Note created!', 'Close', <jasmine.any(Object)> ]
	but it was never called.
	    at <Jasmine>
	    at UserContext.apply (src/app/features/modules/components/handwriting-preview-dialog/handwriting-preview-dialog.component.spec.ts:54:35)
	    at _ZoneDelegate.invoke (node_modules/zone.js/fesm2015/zone.js:398:28)
	    at ProxyZoneSpec.onInvoke (node_modules/zone.js/fesm2015/zone-testing.js:2132:39)
	    at _ZoneDelegate.invoke (node_modules/zone.js/fesm2015/zone.js:397:34)
Chrome Headless 143.0.0.0 (Windows 10): Executed 8 of 16[31m (1 FAILED)[39m (0 secs / 0.246 secs)
[1A[2KChrome Headless 143.0.0.0 (Windows 10): Executed 9 of 16[31m (1 FAILED)[39m (0 secs / 0.252 secs)
[1A[2KChrome Headless 143.0.0.0 (Windows 10): Executed 10 of 16[31m (1 FAILED)[39m (0 secs / 0.257 secs)
[1A[2KChrome Headless 143.0.0.0 (Windows 10): Executed 11 of 16[31m (1 FAILED)[39m (0 secs / 0.262 secs)
[1A[2K[31mChrome Headless 143.0.0.0 (Windows 10) HandwritingPreviewDialogComponent should handle save error FAILED[39m
	Expected spy MatSnackBar.open to have been called with:
	  [ 'Failed to save note.', 'Close', <jasmine.any(Object)> ]
	but it was never called.
	    at <Jasmine>
	    at UserContext.apply (src/app/features/modules/components/handwriting-preview-dialog/handwriting-preview-dialog.component.spec.ts:66:35)
	    at _ZoneDelegate.invoke (node_modules/zone.js/fesm2015/zone.js:398:28)
	    at ProxyZoneSpec.onInvoke (node_modules/zone.js/fesm2015/zone-testing.js:2132:39)
	    at _ZoneDelegate.invoke (node_modules/zone.js/fesm2015/zone.js:397:34)
Chrome Headless 143.0.0.0 (Windows 10): Executed 12 of 16[31m (2 FAILED)[39m (0 secs / 0.269 secs)
[1A[2KChrome Headless 143.0.0.0 (Windows 10): Executed 13 of 16[31m (2 FAILED)[39m (0 secs / 0.271 secs)
[1A[2KChrome Headless 143.0.0.0 (Windows 10): Executed 14 of 16[31m (2 FAILED)[39m (0 secs / 0.272 secs)
[1A[2KChrome Headless 143.0.0.0 (Windows 10): Executed 15 of 16[31m (2 FAILED)[39m (0 secs / 0.273 secs)
[1A[2KChrome Headless 143.0.0.0 (Windows 10): Executed 16 of 16[31m (2 FAILED)[39m (0 secs / 0.274 secs)
[1A[2KChrome Headless 143.0.0.0 (Windows 10): Executed 16 of 16[31m (2 FAILED)[39m (0.292 secs / 0.274 secs)
[31mTOTAL: 2 FAILED, 14 SUCCESS[39m
Ã”Å¥Ã¶ Browser application bundle generation complete.
Ã”Å¥Ã¶ Browser application bundle generation complete.
