- Generating browser application bundles (phase: setup)...
Ã”Å¥Ã¶ Browser application bundle generation complete.
[32m27 01 2026 13:04:55.286:INFO [karma-server]: [39mKarma v6.4.4 server started at http://localhost:9876/
[32m27 01 2026 13:04:55.288:INFO [launcher]: [39mLaunching browsers ChromeHeadless with concurrency unlimited
[32m27 01 2026 13:04:55.297:INFO [launcher]: [39mStarting browser ChromeHeadless
[32m27 01 2026 13:04:56.375:INFO [Chrome Headless 143.0.0.0 (Windows 10)]: [39mConnected on socket JTT1G3SqBfKMjZyzAAAB with id 52531862
Chrome Headless 143.0.0.0 (Windows 10): Executed 0 of 16[32m SUCCESS[39m (0 secs / 0 secs)
[1A[2KChrome Headless 143.0.0.0 (Windows 10): Executed 1 of 16[32m SUCCESS[39m (0 secs / 0.072 secs)
[1A[2KChrome Headless 143.0.0.0 (Windows 10): Executed 2 of 16[32m SUCCESS[39m (0 secs / 0.081 secs)
[1A[2KLOG: [36m'DEBUG: Injected Service Identity Match:', true[39m
Chrome Headless 143.0.0.0 (Windows 10): Executed 2 of 16[32m SUCCESS[39m (0 secs / 0.081 secs)
LOG: 'DEBUG: Injected Service Identity Match:', true
[1A[2KLOG: [36m'DEBUG: Calling saveAsNote'[39m
Chrome Headless 143.0.0.0 (Windows 10): Executed 2 of 16[32m SUCCESS[39m (0 secs / 0.081 secs)
LOG: 'DEBUG: Calling saveAsNote'
[1A[2KLOG: [36m'DEBUG: Note created', Object{id: '1', title: 'test', content: 'test', moduleId: 'mod-1', createdAt: ''}[39m
Chrome Headless 143.0.0.0 (Windows 10): Executed 2 of 16[32m SUCCESS[39m (0 secs / 0.081 secs)
LOG: 'DEBUG: Note created', Object{id: '1', title: 'test', content: 'test', moduleId: 'mod-1', createdAt: ''}
[1A[2K[31mChrome Headless 143.0.0.0 (Windows 10) HandwritingPreviewDialogComponent should call noteService.createNote on save FAILED[39m
	Expected spy open to have been called with:
	  [ 'Note created!', 'Close', <jasmine.any(Object)> ]
	but it was never called.
	    at <Jasmine>
	    at UserContext.apply (src/app/features/modules/components/handwriting-preview-dialog/handwriting-preview-dialog.component.spec.ts:61:35)
	    at UserContext.apply (node_modules/zone.js/fesm2015/zone-testing.js:1715:26)
	    at _ZoneDelegate.invoke (node_modules/zone.js/fesm2015/zone.js:398:28)
	    at ProxyZoneSpec.onInvoke (node_modules/zone.js/fesm2015/zone-testing.js:2132:39)
Chrome Headless 143.0.0.0 (Windows 10): Executed 3 of 16[31m (1 FAILED)[39m (0 secs / 0.121 secs)
[1A[2KChrome Headless 143.0.0.0 (Windows 10): Executed 4 of 16[31m (1 FAILED)[39m (0 secs / 0.128 secs)
[1A[2K[31mChrome Headless 143.0.0.0 (Windows 10) HandwritingPreviewDialogComponent should handle save error FAILED[39m
	Expected spy open to have been called with:
	  [ 'Failed to save note.', 'Close', <jasmine.any(Object)> ]
	but it was never called.
	    at <Jasmine>
	    at UserContext.apply (src/app/features/modules/components/handwriting-preview-dialog/handwriting-preview-dialog.component.spec.ts:74:35)
	    at UserContext.apply (node_modules/zone.js/fesm2015/zone-testing.js:1715:26)
	    at _ZoneDelegate.invoke (node_modules/zone.js/fesm2015/zone.js:398:28)
	    at ProxyZoneSpec.onInvoke (node_modules/zone.js/fesm2015/zone-testing.js:2132:39)
Chrome Headless 143.0.0.0 (Windows 10): Executed 5 of 16[31m (2 FAILED)[39m (0 secs / 0.137 secs)
[1A[2KChrome Headless 143.0.0.0 (Windows 10): Executed 6 of 16[31m (2 FAILED)[39m (0 secs / 0.138 secs)
[1A[2KChrome Headless 143.0.0.0 (Windows 10): Executed 7 of 16[31m (2 FAILED)[39m (0 secs / 0.141 secs)
[1A[2KChrome Headless 143.0.0.0 (Windows 10): Executed 8 of 16[31m (2 FAILED)[39m (0 secs / 0.142 secs)
[1A[2KChrome Headless 143.0.0.0 (Windows 10): Executed 9 of 16[31m (2 FAILED)[39m (0 secs / 0.144 secs)
[1A[2KChrome Headless 143.0.0.0 (Windows 10): Executed 10 of 16[31m (2 FAILED)[39m (0 secs / 0.167 secs)
[1A[2KChrome Headless 143.0.0.0 (Windows 10): Executed 11 of 16[31m (2 FAILED)[39m (0 secs / 0.173 secs)
[1A[2KChrome Headless 143.0.0.0 (Windows 10): Executed 12 of 16[31m (2 FAILED)[39m (0 secs / 0.179 secs)
[1A[2KChrome Headless 143.0.0.0 (Windows 10): Executed 13 of 16[31m (2 FAILED)[39m (0 secs / 0.218 secs)
[1A[2KChrome Headless 143.0.0.0 (Windows 10): Executed 14 of 16[31m (2 FAILED)[39m (0 secs / 0.233 secs)
[1A[2KChrome Headless 143.0.0.0 (Windows 10): Executed 15 of 16[31m (2 FAILED)[39m (0 secs / 0.247 secs)
[1A[2KChrome Headless 143.0.0.0 (Windows 10): Executed 16 of 16[31m (2 FAILED)[39m (0 secs / 0.261 secs)
[1A[2KChrome Headless 143.0.0.0 (Windows 10): Executed 16 of 16[31m (2 FAILED)[39m (0.279 secs / 0.261 secs)
[31mTOTAL: 2 FAILED, 14 SUCCESS[39m
Ã”Å¥Ã¶ Browser application bundle generation complete.
Ã”Å¥Ã¶ Browser application bundle generation complete.
