- Generating browser application bundles (phase: setup)...
Ã”Å¥Ã¶ Browser application bundle generation complete.
[32m27 01 2026 13:02:23.335:INFO [karma-server]: [39mKarma v6.4.4 server started at http://localhost:9876/
[32m27 01 2026 13:02:23.336:INFO [launcher]: [39mLaunching browsers ChromeHeadless with concurrency unlimited
[32m27 01 2026 13:02:23.341:INFO [launcher]: [39mStarting browser ChromeHeadless
[32m27 01 2026 13:02:24.373:INFO [Chrome Headless 143.0.0.0 (Windows 10)]: [39mConnected on socket fimx-kILRPSEBJKdAAAB with id 69404287
Chrome Headless 143.0.0.0 (Windows 10): Executed 0 of 16[32m SUCCESS[39m (0 secs / 0 secs)
[1A[2KChrome Headless 143.0.0.0 (Windows 10): Executed 1 of 16[32m SUCCESS[39m (0 secs / 0.083 secs)
[1A[2KChrome Headless 143.0.0.0 (Windows 10): Executed 2 of 16[32m SUCCESS[39m (0 secs / 0.091 secs)
[1A[2KChrome Headless 143.0.0.0 (Windows 10): Executed 3 of 16[32m SUCCESS[39m (0 secs / 0.098 secs)
[1A[2K[31mChrome Headless 143.0.0.0 (Windows 10) HandwritingPreviewDialogComponent should call noteService.createNote on save FAILED[39m
	Expected spy MatSnackBar.open to have been called with:
	  [ 'Note created!', 'Close', <jasmine.any(Object)> ]
	but it was never called.
	    at <Jasmine>
	    at UserContext.apply (src/app/features/modules/components/handwriting-preview-dialog/handwriting-preview-dialog.component.spec.ts:55:35)
	    at UserContext.apply (node_modules/zone.js/fesm2015/zone-testing.js:1715:26)
	    at _ZoneDelegate.invoke (node_modules/zone.js/fesm2015/zone.js:398:28)
	    at ProxyZoneSpec.onInvoke (node_modules/zone.js/fesm2015/zone-testing.js:2132:39)
Chrome Headless 143.0.0.0 (Windows 10): Executed 4 of 16[31m (1 FAILED)[39m (0 secs / 0.145 secs)
[1A[2KChrome Headless 143.0.0.0 (Windows 10): Executed 5 of 16[31m (1 FAILED)[39m (0 secs / 0.153 secs)
[1A[2KChrome Headless 143.0.0.0 (Windows 10): Executed 6 of 16[31m (1 FAILED)[39m (0 secs / 0.159 secs)
[1A[2KChrome Headless 143.0.0.0 (Windows 10): Executed 7 of 16[31m (1 FAILED)[39m (0 secs / 0.165 secs)
[1A[2K[31mChrome Headless 143.0.0.0 (Windows 10) HandwritingPreviewDialogComponent should handle save error FAILED[39m
	Expected spy MatSnackBar.open to have been called with:
	  [ 'Failed to save note.', 'Close', <jasmine.any(Object)> ]
	but it was never called.
	    at <Jasmine>
	    at UserContext.apply (src/app/features/modules/components/handwriting-preview-dialog/handwriting-preview-dialog.component.spec.ts:68:35)
	    at UserContext.apply (node_modules/zone.js/fesm2015/zone-testing.js:1715:26)
	    at _ZoneDelegate.invoke (node_modules/zone.js/fesm2015/zone.js:398:28)
	    at ProxyZoneSpec.onInvoke (node_modules/zone.js/fesm2015/zone-testing.js:2132:39)
Chrome Headless 143.0.0.0 (Windows 10): Executed 8 of 16[31m (2 FAILED)[39m (0 secs / 0.173 secs)
[1A[2KChrome Headless 143.0.0.0 (Windows 10): Executed 9 of 16[31m (2 FAILED)[39m (0 secs / 0.213 secs)
[1A[2KChrome Headless 143.0.0.0 (Windows 10): Executed 10 of 16[31m (2 FAILED)[39m (0 secs / 0.227 secs)
[1A[2KChrome Headless 143.0.0.0 (Windows 10): Executed 11 of 16[31m (2 FAILED)[39m (0 secs / 0.24 secs)
[1A[2KChrome Headless 143.0.0.0 (Windows 10): Executed 12 of 16[31m (2 FAILED)[39m (0 secs / 0.253 secs)
[1A[2KChrome Headless 143.0.0.0 (Windows 10): Executed 13 of 16[31m (2 FAILED)[39m (0 secs / 0.254 secs)
[1A[2KChrome Headless 143.0.0.0 (Windows 10): Executed 14 of 16[31m (2 FAILED)[39m (0 secs / 0.256 secs)
[1A[2KChrome Headless 143.0.0.0 (Windows 10): Executed 15 of 16[31m (2 FAILED)[39m (0 secs / 0.257 secs)
[1A[2KChrome Headless 143.0.0.0 (Windows 10): Executed 16 of 16[31m (2 FAILED)[39m (0 secs / 0.258 secs)
[1A[2KChrome Headless 143.0.0.0 (Windows 10): Executed 16 of 16[31m (2 FAILED)[39m (0.273 secs / 0.258 secs)
[31mTOTAL: 2 FAILED, 14 SUCCESS[39m
Ã”Å¥Ã¶ Browser application bundle generation complete.
Ã”Å¥Ã¶ Browser application bundle generation complete.
