- Generating browser application bundles (phase: setup)...
Ã”Å¥Ã¶ Browser application bundle generation complete.
[32m27 01 2026 12:58:29.881:INFO [karma-server]: [39mKarma v6.4.4 server started at http://localhost:9876/
[32m27 01 2026 12:58:29.883:INFO [launcher]: [39mLaunching browsers ChromeHeadless with concurrency unlimited
[32m27 01 2026 12:58:29.891:INFO [launcher]: [39mStarting browser ChromeHeadless
[32m27 01 2026 12:58:31.067:INFO [Chrome Headless 143.0.0.0 (Windows 10)]: [39mConnected on socket EMfqn5haCmyw9W2fAAAB with id 26400494
Chrome Headless 143.0.0.0 (Windows 10): Executed 0 of 16[32m SUCCESS[39m (0 secs / 0 secs)
[1A[2KChrome Headless 143.0.0.0 (Windows 10): Executed 1 of 16[32m SUCCESS[39m (0 secs / 0.01 secs)
[1A[2KChrome Headless 143.0.0.0 (Windows 10): Executed 2 of 16[32m SUCCESS[39m (0 secs / 0.014 secs)
[1A[2KChrome Headless 143.0.0.0 (Windows 10): Executed 3 of 16[32m SUCCESS[39m (0 secs / 0.017 secs)
[1A[2KChrome Headless 143.0.0.0 (Windows 10): Executed 4 of 16[32m SUCCESS[39m (0 secs / 0.019 secs)
[1A[2KChrome Headless 143.0.0.0 (Windows 10): Executed 5 of 16[32m SUCCESS[39m (0 secs / 0.092 secs)
[1A[2KChrome Headless 143.0.0.0 (Windows 10): Executed 6 of 16[32m SUCCESS[39m (0 secs / 0.1 secs)
[1A[2KChrome Headless 143.0.0.0 (Windows 10): Executed 7 of 16[32m SUCCESS[39m (0 secs / 0.107 secs)
[1A[2KChrome Headless 143.0.0.0 (Windows 10): Executed 8 of 16[32m SUCCESS[39m (0 secs / 0.161 secs)
[1A[2KChrome Headless 143.0.0.0 (Windows 10): Executed 9 of 16[32m SUCCESS[39m (0 secs / 0.177 secs)
[1A[2KERROR: [36mError: Error
Error: Error
    at errorFactory (http://localhost:9876/_karma_webpack_/webpack:/src/app/features/modules/components/quiz-generation/quiz-generation.component.spec.ts:58:70)
    at Observable._subscribe (http://localhost:9876/_karma_webpack_/webpack:/node_modules/rxjs/dist/esm/internal/observable/throwError.js:5:51)
    at Observable._trySubscribe (http://localhost:9876/_karma_webpack_/webpack:/node_modules/rxjs/dist/esm/internal/Observable.js:37:25)
    at cb (http://localhost:9876/_karma_webpack_/webpack:/node_modules/rxjs/dist/esm/internal/Observable.js:31:30)
    at errorContext (http://localhost:9876/_karma_webpack_/webpack:/node_modules/rxjs/dist/esm/internal/util/errorContext.js:19:9)
    at Observable.subscribe (http://localhost:9876/_karma_webpack_/webpack:/node_modules/rxjs/dist/esm/internal/Observable.js:22:21)
    at QuizGenerationComponent.generate (http://localhost:9876/_karma_webpack_/webpack:/src/app/features/modules/components/quiz-generation/quiz-generation.component.ts:75:43)
    at UserContext.apply (http://localhost:9876/_karma_webpack_/webpack:/src/app/features/modules/components/quiz-generation/quiz-generation.component.spec.ts:59:15)
    at _ZoneDelegate.invoke (http://localhost:9876/_karma_webpack_/webpack:/node_modules/zone.js/fesm2015/zone.js:398:28)
    at ProxyZoneSpec.onInvoke (http://localhost:9876/_karma_webpack_/webpack:/node_modules/zone.js/fesm2015/zone-testing.js:2132:39)[39m
Chrome Headless 143.0.0.0 (Windows 10): Executed 9 of 16[32m SUCCESS[39m (0 secs / 0.177 secs)
ERROR: Error: Error
Error: Error
    at errorFactory (http://localhost:9876/_karma_webpack_/webpack:/src/app/features/modules/components/quiz-generation/quiz-generation.component.spec.ts:58:70)
    at Observable._subscribe (http://localhost:9876/_karma_webpack_/webpack:/node_modules/rxjs/dist/esm/internal/observable/throwError.js:5:51)
    at Observable._trySubscribe (http://localhost:9876/_karma_webpack_/webpack:/node_modules/rxjs/dist/esm/internal/Observable.js:37:25)
    at cb (http://localhost:9876/_karma_webpack_/webpack:/node_modules/rxjs/dist/esm/internal/Observable.js:31:30)
    at errorContext (http://localhost:9876/_karma_webpack_/webpack:/node_modules/rxjs/dist/esm/internal/util/errorContext.js:19:9)
    at Observable.subscribe (http://localhost:9876/_karma_webpack_/webpack:/node_modules/rxjs/dist/esm/internal/Observable.js:22:21)
    at QuizGenerationComponent.generate (http://localhost:9876/_karma_webpack_/webpack:/src/app/features/modules/components/quiz-generation/quiz-generation.component.ts:75:43)
    at UserContext.apply (http://localhost:9876/_karma_webpack_/webpack:/src/app/features/modules/components/quiz-generation/quiz-generation.component.spec.ts:59:15)
    at _ZoneDelegate.invoke (http://localhost:9876/_karma_webpack_/webpack:/node_modules/zone.js/fesm2015/zone.js:398:28)
    at ProxyZoneSpec.onInvoke (http://localhost:9876/_karma_webpack_/webpack:/node_modules/zone.js/fesm2015/zone-testing.js:2132:39)
[1A[2KChrome Headless 143.0.0.0 (Windows 10): Executed 10 of 16[32m SUCCESS[39m (0 secs / 0.194 secs)
[1A[2KChrome Headless 143.0.0.0 (Windows 10): Executed 11 of 16[32m SUCCESS[39m (0 secs / 0.208 secs)
[1A[2KChrome Headless 143.0.0.0 (Windows 10): Executed 12 of 16[32m SUCCESS[39m (0 secs / 0.218 secs)
[1A[2K[31mChrome Headless 143.0.0.0 (Windows 10) HandwritingPreviewDialogComponent should call noteService.createNote on save FAILED[39m
	Expected spy MatSnackBar.open to have been called with:
	  [ 'Note created!', 'Close', <jasmine.any(Object)> ]
	but it was never called.
	    at <Jasmine>
	    at UserContext.apply (src/app/features/modules/components/handwriting-preview-dialog/handwriting-preview-dialog.component.spec.ts:52:35)
	    at _ZoneDelegate.invoke (node_modules/zone.js/fesm2015/zone.js:398:28)
	    at ProxyZoneSpec.onInvoke (node_modules/zone.js/fesm2015/zone-testing.js:2132:39)
	    at _ZoneDelegate.invoke (node_modules/zone.js/fesm2015/zone.js:397:34)
Chrome Headless 143.0.0.0 (Windows 10): Executed 13 of 16[31m (1 FAILED)[39m (0 secs / 0.238 secs)
[1A[2KERROR: [36mError: Error
Error: Error
    at errorFactory (http://localhost:9876/_karma_webpack_/webpack:/src/app/features/modules/components/handwriting-preview-dialog/handwriting-preview-dialog.component.spec.ts:57:69)
    at Observable._subscribe (http://localhost:9876/_karma_webpack_/webpack:/node_modules/rxjs/dist/esm/internal/observable/throwError.js:5:51)
    at Observable._trySubscribe (http://localhost:9876/_karma_webpack_/webpack:/node_modules/rxjs/dist/esm/internal/Observable.js:37:25)
    at cb (http://localhost:9876/_karma_webpack_/webpack:/node_modules/rxjs/dist/esm/internal/Observable.js:31:30)
    at errorContext (http://localhost:9876/_karma_webpack_/webpack:/node_modules/rxjs/dist/esm/internal/util/errorContext.js:19:9)
    at Observable.subscribe (http://localhost:9876/_karma_webpack_/webpack:/node_modules/rxjs/dist/esm/internal/Observable.js:22:21)
    at HandwritingPreviewDialogComponent.saveAsNote (http://localhost:9876/_karma_webpack_/webpack:/src/app/features/modules/components/handwriting-preview-dialog/handwriting-preview-dialog.component.ts:63:38)
    at UserContext.apply (http://localhost:9876/_karma_webpack_/webpack:/src/app/features/modules/components/handwriting-preview-dialog/handwriting-preview-dialog.component.spec.ts:59:19)
    at _ZoneDelegate.invoke (http://localhost:9876/_karma_webpack_/webpack:/node_modules/zone.js/fesm2015/zone.js:398:28)
    at ProxyZoneSpec.onInvoke (http://localhost:9876/_karma_webpack_/webpack:/node_modules/zone.js/fesm2015/zone-testing.js:2132:39)[39m
Chrome Headless 143.0.0.0 (Windows 10): Executed 13 of 16[31m (1 FAILED)[39m (0 secs / 0.238 secs)
ERROR: Error: Error
Error: Error
    at errorFactory (http://localhost:9876/_karma_webpack_/webpack:/src/app/features/modules/components/handwriting-preview-dialog/handwriting-preview-dialog.component.spec.ts:57:69)
    at Observable._subscribe (http://localhost:9876/_karma_webpack_/webpack:/node_modules/rxjs/dist/esm/internal/observable/throwError.js:5:51)
    at Observable._trySubscribe (http://localhost:9876/_karma_webpack_/webpack:/node_modules/rxjs/dist/esm/internal/Observable.js:37:25)
    at cb (http://localhost:9876/_karma_webpack_/webpack:/node_modules/rxjs/dist/esm/internal/Observable.js:31:30)
    at errorContext (http://localhost:9876/_karma_webpack_/webpack:/node_modules/rxjs/dist/esm/internal/util/errorContext.js:19:9)
    at Observable.subscribe (http://localhost:9876/_karma_webpack_/webpack:/node_modules/rxjs/dist/esm/internal/Observable.js:22:21)
    at HandwritingPreviewDialogComponent.saveAsNote (http://localhost:9876/_karma_webpack_/webpack:/src/app/features/modules/components/handwriting-preview-dialog/handwriting-preview-dialog.component.ts:63:38)
    at UserContext.apply (http://localhost:9876/_karma_webpack_/webpack:/src/app/features/modules/components/handwriting-preview-dialog/handwriting-preview-dialog.component.spec.ts:59:19)
    at _ZoneDelegate.invoke (http://localhost:9876/_karma_webpack_/webpack:/node_modules/zone.js/fesm2015/zone.js:398:28)
    at ProxyZoneSpec.onInvoke (http://localhost:9876/_karma_webpack_/webpack:/node_modules/zone.js/fesm2015/zone-testing.js:2132:39)
[1A[2K[31mChrome Headless 143.0.0.0 (Windows 10) HandwritingPreviewDialogComponent should handle save error FAILED[39m
	Expected spy MatSnackBar.open to have been called with:
	  [ 'Failed to save note.', 'Close', <jasmine.any(Object)> ]
	but it was never called.
	    at <Jasmine>
	    at UserContext.apply (src/app/features/modules/components/handwriting-preview-dialog/handwriting-preview-dialog.component.spec.ts:62:35)
	    at _ZoneDelegate.invoke (node_modules/zone.js/fesm2015/zone.js:398:28)
	    at ProxyZoneSpec.onInvoke (node_modules/zone.js/fesm2015/zone-testing.js:2132:39)
	    at _ZoneDelegate.invoke (node_modules/zone.js/fesm2015/zone.js:397:34)
Chrome Headless 143.0.0.0 (Windows 10): Executed 14 of 16[31m (2 FAILED)[39m (0 secs / 0.245 secs)
[1A[2KChrome Headless 143.0.0.0 (Windows 10): Executed 15 of 16[31m (2 FAILED)[39m (0 secs / 0.25 secs)
[1A[2KChrome Headless 143.0.0.0 (Windows 10): Executed 16 of 16[31m (2 FAILED)[39m (0 secs / 0.255 secs)
[1A[2KChrome Headless 143.0.0.0 (Windows 10): Executed 16 of 16[31m (2 FAILED)[39m (0.283 secs / 0.255 secs)
[31mTOTAL: 2 FAILED, 14 SUCCESS[39m
Ã”Å¥Ã¶ Browser application bundle generation complete.
Ã”Å¥Ã¶ Browser application bundle generation complete.
