- Generating browser application bundles (phase: setup)...
Ã”Å¥Ã¶ Browser application bundle generation complete.
[32m27 01 2026 12:59:51.177:INFO [karma-server]: [39mKarma v6.4.4 server started at http://localhost:9876/
[32m27 01 2026 12:59:51.179:INFO [launcher]: [39mLaunching browsers ChromeHeadless with concurrency unlimited
[32m27 01 2026 12:59:51.187:INFO [launcher]: [39mStarting browser ChromeHeadless
[32m27 01 2026 12:59:52.331:INFO [Chrome Headless 143.0.0.0 (Windows 10)]: [39mConnected on socket NLDaR-re7gt4hD6jAAAB with id 42348959
Chrome Headless 143.0.0.0 (Windows 10): Executed 0 of 16[32m SUCCESS[39m (0 secs / 0 secs)
[1A[2KChrome Headless 143.0.0.0 (Windows 10): Executed 1 of 16[32m SUCCESS[39m (0 secs / 0.012 secs)
[1A[2KChrome Headless 143.0.0.0 (Windows 10): Executed 2 of 16[32m SUCCESS[39m (0 secs / 0.014 secs)
[1A[2KChrome Headless 143.0.0.0 (Windows 10): Executed 3 of 16[32m SUCCESS[39m (0 secs / 0.015 secs)
[1A[2KChrome Headless 143.0.0.0 (Windows 10): Executed 4 of 16[32m SUCCESS[39m (0 secs / 0.016 secs)
[1A[2KChrome Headless 143.0.0.0 (Windows 10): Executed 5 of 16[32m SUCCESS[39m (0 secs / 0.125 secs)
[1A[2KERROR: [36mError: Error
Error: Error
    at errorFactory (http://localhost:9876/_karma_webpack_/webpack:/src/app/features/modules/components/quiz-generation/quiz-generation.component.spec.ts:58:70)
    at Observable._subscribe (http://localhost:9876/_karma_webpack_/webpack:/node_modules/rxjs/dist/esm/internal/observable/throwError.js:5:51)
    at Observable._trySubscribe (http://localhost:9876/_karma_webpack_/webpack:/node_modules/rxjs/dist/esm/internal/Observable.js:37:25)
    at cb (http://localhost:9876/_karma_webpack_/webpack:/node_modules/rxjs/dist/esm/internal/Observable.js:31:30)
    at errorContext (http://localhost:9876/_karma_webpack_/webpack:/node_modules/rxjs/dist/esm/internal/util/errorContext.js:19:9)
    at Observable.subscribe (http://localhost:9876/_karma_webpack_/webpack:/node_modules/rxjs/dist/esm/internal/Observable.js:22:21)
    at QuizGenerationComponent.generate (http://localhost:9876/_karma_webpack_/webpack:/src/app/features/modules/components/quiz-generation/quiz-generation.component.ts:75:43)
    at UserContext.apply (http://localhost:9876/_karma_webpack_/webpack:/src/app/features/modules/components/quiz-generation/quiz-generation.component.spec.ts:59:15)
    at _ZoneDelegate.invoke (http://localhost:9876/_karma_webpack_/webpack:/node_modules/zone.js/fesm2015/zone.js:398:28)
    at ProxyZoneSpec.onInvoke (http://localhost:9876/_karma_webpack_/webpack:/node_modules/zone.js/fesm2015/zone-testing.js:2132:39)[39m
Chrome Headless 143.0.0.0 (Windows 10): Executed 5 of 16[32m SUCCESS[39m (0 secs / 0.125 secs)
ERROR: Error: Error
Error: Error
    at errorFactory (http://localhost:9876/_karma_webpack_/webpack:/src/app/features/modules/components/quiz-generation/quiz-generation.component.spec.ts:58:70)
    at Observable._subscribe (http://localhost:9876/_karma_webpack_/webpack:/node_modules/rxjs/dist/esm/internal/observable/throwError.js:5:51)
    at Observable._trySubscribe (http://localhost:9876/_karma_webpack_/webpack:/node_modules/rxjs/dist/esm/internal/Observable.js:37:25)
    at cb (http://localhost:9876/_karma_webpack_/webpack:/node_modules/rxjs/dist/esm/internal/Observable.js:31:30)
    at errorContext (http://localhost:9876/_karma_webpack_/webpack:/node_modules/rxjs/dist/esm/internal/util/errorContext.js:19:9)
    at Observable.subscribe (http://localhost:9876/_karma_webpack_/webpack:/node_modules/rxjs/dist/esm/internal/Observable.js:22:21)
    at QuizGenerationComponent.generate (http://localhost:9876/_karma_webpack_/webpack:/src/app/features/modules/components/quiz-generation/quiz-generation.component.ts:75:43)
    at UserContext.apply (http://localhost:9876/_karma_webpack_/webpack:/src/app/features/modules/components/quiz-generation/quiz-generation.component.spec.ts:59:15)
    at _ZoneDelegate.invoke (http://localhost:9876/_karma_webpack_/webpack:/node_modules/zone.js/fesm2015/zone.js:398:28)
    at ProxyZoneSpec.onInvoke (http://localhost:9876/_karma_webpack_/webpack:/node_modules/zone.js/fesm2015/zone-testing.js:2132:39)
[1A[2KChrome Headless 143.0.0.0 (Windows 10): Executed 6 of 16[32m SUCCESS[39m (0 secs / 0.144 secs)
[1A[2KChrome Headless 143.0.0.0 (Windows 10): Executed 7 of 16[32m SUCCESS[39m (0 secs / 0.16 secs)
[1A[2KChrome Headless 143.0.0.0 (Windows 10): Executed 8 of 16[32m SUCCESS[39m (0 secs / 0.173 secs)
[1A[2KChrome Headless 143.0.0.0 (Windows 10): Executed 9 of 16[32m SUCCESS[39m (0 secs / 0.184 secs)
[1A[2KChrome Headless 143.0.0.0 (Windows 10): Executed 10 of 16[32m SUCCESS[39m (0 secs / 0.189 secs)
[1A[2KChrome Headless 143.0.0.0 (Windows 10): Executed 11 of 16[32m SUCCESS[39m (0 secs / 0.194 secs)
[1A[2K[31mChrome Headless 143.0.0.0 (Windows 10) HandwritingPreviewDialogComponent should call noteService.createNote on save FAILED[39m
	Expected spy MatSnackBar.open to have been called with:
	  [ 'Note created!', 'Close', <jasmine.any(Object)> ]
	but it was never called.
	    at <Jasmine>
	    at UserContext.apply (src/app/features/modules/components/handwriting-preview-dialog/handwriting-preview-dialog.component.spec.ts:53:35)
	    at _ZoneDelegate.invoke (node_modules/zone.js/fesm2015/zone.js:398:28)
	    at ProxyZoneSpec.onInvoke (node_modules/zone.js/fesm2015/zone-testing.js:2132:39)
	    at _ZoneDelegate.invoke (node_modules/zone.js/fesm2015/zone.js:397:34)
Chrome Headless 143.0.0.0 (Windows 10): Executed 12 of 16[31m (1 FAILED)[39m (0 secs / 0.214 secs)
[1A[2K[31mChrome Headless 143.0.0.0 (Windows 10) HandwritingPreviewDialogComponent should handle save error FAILED[39m
	Expected spy MatSnackBar.open to have been called with:
	  [ 'Failed to save note.', 'Close', <jasmine.any(Object)> ]
	but it was never called.
	    at <Jasmine>
	    at UserContext.apply (src/app/features/modules/components/handwriting-preview-dialog/handwriting-preview-dialog.component.spec.ts:65:35)
	    at _ZoneDelegate.invoke (node_modules/zone.js/fesm2015/zone.js:398:28)
	    at ProxyZoneSpec.onInvoke (node_modules/zone.js/fesm2015/zone-testing.js:2132:39)
	    at _ZoneDelegate.invoke (node_modules/zone.js/fesm2015/zone.js:397:34)
Chrome Headless 143.0.0.0 (Windows 10): Executed 13 of 16[31m (2 FAILED)[39m (0 secs / 0.221 secs)
[1A[2KChrome Headless 143.0.0.0 (Windows 10): Executed 14 of 16[31m (2 FAILED)[39m (0 secs / 0.239 secs)
[1A[2KChrome Headless 143.0.0.0 (Windows 10): Executed 15 of 16[31m (2 FAILED)[39m (0 secs / 0.244 secs)
[1A[2KChrome Headless 143.0.0.0 (Windows 10): Executed 16 of 16[31m (2 FAILED)[39m (0 secs / 0.249 secs)
[1A[2KChrome Headless 143.0.0.0 (Windows 10): Executed 16 of 16[31m (2 FAILED)[39m (0.267 secs / 0.249 secs)
[31mTOTAL: 2 FAILED, 14 SUCCESS[39m
Ã”Å¥Ã¶ Browser application bundle generation complete.
Ã”Å¥Ã¶ Browser application bundle generation complete.
